<?xml version="1.0" encoding="UTF-8"?>
<testsuite xmlns:xsi="http://www.w3.org/2001/XMLSchema-instance" xsi:noNamespaceSchemaLocation="https://maven.apache.org/surefire/maven-surefire-plugin/xsd/surefire-test-report-3.0.xsd" version="3.0" name="TestSuite" time="1,133.701" tests="3" errors="0" skipped="0" failures="3">
  <properties>
[...]
</properties>
  <testcase name="loginWithValidAndInvalidCredentials" classname="com.trgr.quality.maf.tests.LoginTest" time="523.319">
    <failure message="The following asserts failed:&#10;	MAFQABANG-32:Login with valid and invalid credentails : Validated Login with invalid username expected [true] but found [false],&#10;	MAFQABANG-32:Login with valid and invalid credentails : Validated Login with invalid password expected [true] but found [false],&#10;	Exception in Test expected [true] but found [false]" type="java.lang.AssertionError"><![CDATA[java.lang.AssertionError: 
The following asserts failed:
	MAFQABANG-32:Login with valid and invalid credentails : Validated Login with invalid username expected [true] but found [false],
	MAFQABANG-32:Login with valid and invalid credentails : Validated Login with invalid password expected [true] but found [false],
	Exception in Test expected [true] but found [false]
	at com.trgr.quality.maf.tests.LoginTest.loginWithValidAndInvalidCredentials(LoginTest.java:123)
]]></failure>
    <system-out><![CDATA[[TestNGContentHandler] [WARN] It is strongly recommended to add "<!DOCTYPE suite SYSTEM "http://testng.org/testng-1.0.dtd" >" at the top of your file, otherwise TestNG may fail or not work as expected.
]]></system-out>
    <system-err><![CDATA[[main] INFO com.trgr.quality.maf.fileconfiger.PropertiesRepository - Loading property file : TestConfig.properties
[main] INFO com.trgr.quality.maf.fileconfiger.PropertiesRepository - Loading property file : log4j.properties
[main] INFO com.trgr.quality.maf.basetest.BaseTest - Start logging
[main] INFO com.trgr.quality.maf.basetest.BaseTest - Start logging started 
Starting ChromeDriver 88.0.4324.96 (68dba2d8a0b149a1d3afac56fa74648032bcf46b-refs/branch-heads/4324@{#1784}) on port 4110
Only local connections are allowed.
Please see https://chromedriver.chromium.org/security-considerations for suggestions on keeping ChromeDriver safe.
ChromeDriver was started successfully.
Feb 08, 2021 5:09:45 PM org.openqa.selenium.remote.ProtocolHandshake createSession
INFO: Detected dialect: W3C
[main] INFO com.trgr.quality.maf.basetest.BaseTest - Chrome driver instance is launched successfully
[main] INFO com.trgr.quality.maf.fileconfiger.PropertiesRepository - Loading property file : chpbr.properties
]]></system-err>
  </testcase>
  <testcase name="loginUsingSaveUserNameAndPwd" classname="com.trgr.quality.maf.tests.LoginTest" time="241.836">
    <failure message="The following asserts failed:&#10;	Exception in Test expected [true] but found [false]" type="java.lang.AssertionError"><![CDATA[java.lang.AssertionError: 
The following asserts failed:
	Exception in Test expected [true] but found [false]
	at com.trgr.quality.maf.tests.LoginTest.loginUsingSaveUserNameAndPwd(LoginTest.java:218)
]]></failure>
  </testcase>
  <testcase name="loginUsingSaveUserName" classname="com.trgr.quality.maf.tests.LoginTest" time="240.693">
    <failure message="The following asserts failed:&#10;	Exception in Test expected [true] but found [false]" type="java.lang.AssertionError"><![CDATA[java.lang.AssertionError: 
The following asserts failed:
	Exception in Test expected [true] but found [false]
	at com.trgr.quality.maf.tests.LoginTest.loginUsingSaveUserName(LoginTest.java:432)
]]></failure>
  </testcase>
</testsuite>