<?xml version="1.0" encoding="UTF-8"?>
<!-- Generated by org.testng.reporters.JUnitXMLReporter -->
<testsuite ignored="6" hostname="TR-JDGMXY2" failures="0" tests="11" name="LoginTest" time="0.027" errors="0" timestamp="2020-12-16T05:47:05 ART">
  <testcase classname="com.trgr.quality.maf.tests.LoginTest" name="LoginScreenDesignForFirstTimeUser" time="0.0">
    <skipped/>
  </testcase> <!-- LoginScreenDesignForFirstTimeUser -->
  <testcase classname="com.trgr.quality.maf.tests.LoginTest" name="loginWithClientID" time="0.0">
    <skipped/>
  </testcase> <!-- loginWithClientID -->
  <testcase classname="com.trgr.quality.maf.tests.LoginTest" name="loginWithValidAndInvalidCredentials" time="0.0">
    <skipped/>
  </testcase> <!-- loginWithValidAndInvalidCredentials -->
  <testcase classname="com.trgr.quality.maf.tests.LoginTest" name="loginUsingSaveUserNameAndPwd" time="0.0">
    <skipped/>
  </testcase> <!-- loginUsingSaveUserNameAndPwd -->
  <testcase classname="com.trgr.quality.maf.tests.LoginTest" name="KnowtheServiceLink" time="0.0">
    <skipped/>
  </testcase> <!-- KnowtheServiceLink -->
  <testcase classname="com.trgr.quality.maf.tests.LoginTest" name="InteractiveDemoLink" time="0.0">
    <skipped/>
  </testcase> <!-- InteractiveDemoLink -->
  <testcase classname="com.trgr.quality.maf.tests.LoginTest" name="FrequentQuestionsLink" time="0.0">
    <skipped/>
  </testcase> <!-- FrequentQuestionsLink -->
  <testcase classname="com.trgr.quality.maf.tests.LoginTest" name="LoginScreenDesignForAnyUser" time="0.0">
    <skipped/>
  </testcase> <!-- LoginScreenDesignForAnyUser -->
  <testcase classname="com.trgr.quality.maf.tests.LoginTest" name="GoToHomeFromServicesPage" time="0.0">
    <skipped/>
  </testcase> <!-- GoToHomeFromServicesPage -->
  <testcase classname="com.trgr.quality.maf.tests.LoginTest" name="CustomerServicePortlet" time="0.0">
    <skipped/>
  </testcase> <!-- CustomerServicePortlet -->
  <testcase classname="com.trgr.quality.maf.tests.LoginTest" name="LoginwithSaveUnamePwdUnchecked" time="0.0">
    <skipped/>
  </testcase> <!-- LoginwithSaveUnamePwdUnchecked -->
  <testcase classname="com.trgr.quality.maf.tests.LoginTest" name="onepasspageprofilelinks" time="0.0">
    <ignored/>
  </testcase> <!-- onepasspageprofilelinks -->
  <testcase classname="com.trgr.quality.maf.tests.LoginTest" name="onepassSignInlinks" time="0.0">
    <ignored/>
  </testcase> <!-- onepassSignInlinks -->
  <testcase classname="com.trgr.quality.maf.tests.LoginTest" name="ForgotUsernamePasswordLinks" time="0.0">
    <ignored/>
  </testcase> <!-- ForgotUsernamePasswordLinks -->
  <testcase classname="com.trgr.quality.maf.tests.LoginTest" name="ForgotPasswordLinks" time="0.0">
    <ignored/>
  </testcase> <!-- ForgotPasswordLinks -->
  <testcase classname="com.trgr.quality.maf.tests.LoginTest" name="loginUsingSaveUserName" time="0.0">
    <ignored/>
  </testcase> <!-- loginUsingSaveUserName -->
  <testcase classname="com.trgr.quality.maf.tests.LoginTest" name="LoginBranding" time="0.0">
    <ignored/>
  </testcase> <!-- LoginBranding -->
</testsuite> <!-- LoginTest -->
